Inicializando submódulo do MicroPython...
Submodule path 'external/micropython': checked out 'cfcc53da72d330d2eb9728d5f75c3ef5b459f1cf'
Submodule path 'external/micropython/lib/asf4': checked out 'b8eae570cc68514f1c64b72906a1d385a907d6c3'
Submodule path 'external/micropython/lib/axtls': checked out '0d60045e7abc5b67bc25a3b1fd72dd3f6e86436d'
Submodule path 'external/micropython/lib/berkeley-db-1.xx': checked out '7b31cae3c0892a7fca2089cb0354a4920c98c413'
Submodule path 'external/micropython/lib/btstack': checked out 'e3a17459b6650431ffc629bded9d9b1b74ac2738'
Submodule path 'external/micropython/lib/cyw43-driver': checked out 'dd7568229f3bf7a37737b9e1ef250c26efe75b23'
Submodule path 'external/micropython/lib/fsp': checked out '5e8fbb10c752e16272790bd3a2587485d0377835'
Submodule path 'external/micropython/lib/libffi': checked out '7418203142bbb9b2a5d18c74965bc1722b56ff08'
Submodule path 'external/micropython/lib/libhydrogen': checked out 'bbca575b62510bfdc6dd927a4bfa7df4a51cb846'
Submodule path 'external/micropython/lib/lwip': checked out '56b29f8bcfaefe2974dca67bde16cc7c391feaeb'
Submodule path 'external/micropython/lib/mbedtls': checked out '48552b620db3f586e369d412f4bde76027f15db4'
Submodule path 'external/micropython/lib/micropython-lib': checked out '6e24cffe958df397c38e7b3085c16ae5d051cc92'
Submodule path 'external/micropython/lib/mynewt-nimble': checked out '11f4348c79cc69f03fb9fce69776572e157e4d96'
Submodule path 'external/micropython/lib/nrfx': checked out '472e5c92addb926b0f53f3072e8fae3dbf1a97cf'
Submodule path 'external/micropython/lib/nxp_driver': checked out '72fa6068dbfb6080272227f589352f6da6627fdb'
Submodule path 'external/micropython/lib/pico-sdk': checked out 'ee68c78d0afae2b69c03ae1a72bf5cc267a2d94c'
Submodule path 'external/micropython/lib/pico-sdk/lib/btstack': checked out 'e3a17459b6650431ffc629bded9d9b1b74ac2738'
Submodule path 'external/micropython/lib/pico-sdk/lib/cyw43-driver': checked out 'dd7568229f3bf7a37737b9e1ef250c26efe75b23'
Submodule path 'external/micropython/lib/pico-sdk/lib/lwip': checked out '56b29f8bcfaefe2974dca67bde16cc7c391feaeb'
Submodule path 'external/micropython/lib/pico-sdk/lib/mbedtls': checked out '48552b620db3f586e369d412f4bde76027f15db4'
Submodule path 'external/micropython/lib/pico-sdk/lib/tinyusb': checked out 'e95973d3462cdacd165a4057632d46248ded7b8a'
Submodule path 'external/micropython/lib/protobuf-c': checked out '4719fdd7760624388c2c5b9d6759eb6a47490626'
Submodule path 'external/micropython/lib/stm32lib': checked out 'a9f8fee7bb0cb4ac1b4ff719b6b5b285f613f352'
Submodule path 'external/micropython/lib/tinyusb': checked out 'e95973d3462cdacd165a4057632d46248ded7b8a'
Submodule path 'external/micropython/lib/wiznet5k': checked out 'ce4a7b6d07541bf0ba9f91e369276b38faa619bd'
Configurando versão do MicroPython...
M	lib/asf4
M	lib/axtls
M	lib/berkeley-db-1.xx
M	lib/btstack
M	lib/cyw43-driver
M	lib/fsp
M	lib/libffi
M	lib/libhydrogen
M	lib/lwip
M	lib/mbedtls
M	lib/micropython-lib
M	lib/mynewt-nimble
M	lib/nrfx
M	lib/nxp_driver
M	lib/pico-sdk
M	lib/protobuf-c
M	lib/stm32lib
M	lib/tinyusb
M	lib/wiznet5k
Submodule path 'lib/asf4': checked out '84f56af13292d8f32c40acbd949bde698ddd4507'
Submodule path 'lib/axtls': checked out '531cab9c278c947d268bd4c94ecab9153a961b43'
Submodule path 'lib/berkeley-db-1.xx': checked out '35aaec4418ad78628a3b935885dd189d41ce779b'
Submodule path 'lib/btstack': checked out '77e752abd6a0992334047a48038a5a3960e5c6bc'
Submodule path 'lib/cyw43-driver': checked out '2ab0db6e1fe9265fa9802a95f7f4d60b7f0d655a'
Submodule path 'lib/fsp': checked out 'e78939d32d1ccea9f0ba8bb42c51aceffd386b9b'
Submodule path 'lib/libffi': checked out 'e9de7e35f2339598b16cbb375f9992643ed81209'
Submodule path 'lib/libhydrogen': checked out '5c5d513093075f7245ea522101b17c50aa579af2'
Submodule path 'lib/lwip': checked out '6ca936f6b588cee702c638eee75c2436e6cf75de'
Submodule path 'lib/mbedtls': checked out '981743de6fcdbe672e482b6fd724d31d0a0d2476'
Submodule path 'lib/micropython-lib': checked out '7cdf70881519c73667efbc4a61a04d9c1a49babb'
Submodule path 'lib/mynewt-nimble': checked out '42849560ba7906f023f61e5f7ff3709ba2c1dfca'
Submodule path 'lib/nrfx': checked out '7a4c9d946cf1801771fc180acdbf7b878f270093'
Submodule path 'lib/nxp_driver': checked out 'fa5a554c7944d2a196626f8d3631e44943f9abcc'
Submodule path 'lib/pico-sdk': checked out '6a7db34ff63345a7badec79ebea3aaef1712f374'
Submodule path 'lib/pico-sdk/lib/btstack': checked out '72ef1732c954d938091467961e41f4aa9b976b34'
Submodule path 'lib/pico-sdk/lib/cyw43-driver': checked out '8ef38a6d32c54f850bff8f189bdca19ded33792a'
Submodule path 'lib/pico-sdk/lib/lwip': checked out '239918ccc173cb2c2a62f41a40fd893f57faf1d6'
Submodule path 'lib/pico-sdk/lib/mbedtls': checked out 'a77287f8fa6b76f74984121fdafc8563147435c8'
Submodule path 'lib/pico-sdk/lib/tinyusb': checked out '86c416d4c0fb38432460b3e11b08b9de76941bf5'
Submodule path 'lib/protobuf-c': checked out 'abc67a11c6db271bedbb9f58be85d6f4e2ea8389'
Submodule path 'lib/stm32lib': checked out '928df866e4d287ebc3c60726151513ebee609128'
Submodule path 'lib/tinyusb': checked out '1fdf29075d4e613eacfa881166015263797db0f6'
Submodule path 'lib/wiznet5k': checked out '0803fc519ad7227e841287fb3638d6c8b2f111a1'
/home/enzo/Documents/touchlcdarm
